<?xml version="1.0" encoding="UTF-8"?>
<!-- Generated by org.testng.reporters.JUnitXMLReporter -->
<testsuite ignored="2" hostname="DESKTOP-SB77N2B" failures="0" tests="1" name="Default test" time="36.234" errors="0" timestamp="2025-06-28T18:50:33 IST">
  <testcase classname="testfile.EnquiryTest" name="demo" time="24.056"/>
  <testcase classname="testfile.EnquiryTest" name="addEnquiry" time="0.0">
    <ignored/>
  </testcase> <!-- addEnquiry -->
  <testcase classname="testfile.EnquiryTest" name="verifyNewRecord" time="0.0">
    <ignored/>
  </testcase> <!-- verifyNewRecord -->
</testsuite> <!-- Default test -->
