<?xml version="1.0" encoding="UTF-8"?>
<testng-results ignored="0" total="1" passed="1" failed="0" skipped="0">
  <reporter-output>
  </reporter-output>
  <suite started-at="2025-03-31T01:06:26 IST" name="Default suite" finished-at="2025-03-31T01:06:37 IST" duration-ms="10160">
    <groups>
    </groups>
    <test started-at="2025-03-31T01:06:26 IST" name="Default test" finished-at="2025-03-31T01:06:37 IST" duration-ms="10160">
      <class name="testfile.StaffLoginTest">
        <test-method is-config="true" signature="setup()[pri:0, instance:testfile.StaffLoginTest@795cd85e]" started-at="2025-03-31T01:06:26 IST" name="setup" finished-at="2025-03-31T01:06:31 IST" duration-ms="4159" status="PASS">
          <reporter-output>
          </reporter-output>
        </test-method> <!-- setup -->
        <test-method is-config="true" signature="init()[pri:0, instance:testfile.StaffLoginTest@795cd85e]" started-at="2025-03-31T01:06:31 IST" name="init" finished-at="2025-03-31T01:06:31 IST" duration-ms="56" status="PASS">
          <reporter-output>
          </reporter-output>
        </test-method> <!-- init -->
        <test-method signature="testValidLogin()[pri:0, instance:testfile.StaffLoginTest@795cd85e]" started-at="2025-03-31T01:06:31 IST" name="testValidLogin" finished-at="2025-03-31T01:06:36 IST" duration-ms="5562" status="PASS">
          <reporter-output>
          </reporter-output>
        </test-method> <!-- testValidLogin -->
        <test-method is-config="true" signature="tearDown()[pri:0, instance:testfile.StaffLoginTest@795cd85e]" started-at="2025-03-31T01:06:36 IST" name="tearDown" finished-at="2025-03-31T01:06:37 IST" duration-ms="340" status="PASS">
          <reporter-output>
          </reporter-output>
        </test-method> <!-- tearDown -->
      </class> <!-- testfile.StaffLoginTest -->
    </test> <!-- Default test -->
  </suite> <!-- Default suite -->
</testng-results>
