<?xml version="1.0" encoding="UTF-8"?>
<testng-results ignored="2" total="3" passed="1" failed="0" skipped="0">
  <reporter-output>
  </reporter-output>
  <suite started-at="2025-06-28T18:49:57 IST" name="Default suite" finished-at="2025-06-28T18:50:33 IST" duration-ms="36234">
    <groups>
    </groups>
    <test started-at="2025-06-28T18:49:57 IST" name="Default test" finished-at="2025-06-28T18:50:33 IST" duration-ms="36234">
      <class name="testfile.EnquiryTest">
        <test-method is-config="true" signature="setup()[pri:0, instance:testfile.EnquiryTest@1d9b7cce]" started-at="2025-06-28T18:49:57 IST" name="setup" finished-at="2025-06-28T18:50:07 IST" duration-ms="10635" status="PASS">
          <reporter-output>
          </reporter-output>
        </test-method> <!-- setup -->
        <test-method is-config="true" signature="init()[pri:0, instance:testfile.EnquiryTest@1d9b7cce]" started-at="2025-06-28T18:50:07 IST" name="init" finished-at="2025-06-28T18:50:07 IST" duration-ms="132" status="PASS">
          <reporter-output>
          </reporter-output>
        </test-method> <!-- init -->
        <test-method signature="demo()[pri:0, instance:testfile.EnquiryTest@1d9b7cce]" started-at="2025-06-28T18:50:07 IST" name="demo" finished-at="2025-06-28T18:50:31 IST" duration-ms="24056" status="PASS">
          <reporter-output>
          </reporter-output>
        </test-method> <!-- demo -->
        <test-method is-config="true" signature="tearDown()[pri:0, instance:testfile.EnquiryTest@1d9b7cce]" started-at="2025-06-28T18:50:31 IST" name="tearDown" finished-at="2025-06-28T18:50:33 IST" duration-ms="1359" status="PASS">
          <reporter-output>
          </reporter-output>
        </test-method> <!-- tearDown -->
      </class> <!-- testfile.EnquiryTest -->
    </test> <!-- Default test -->
  </suite> <!-- Default suite -->
</testng-results>
