<?xml version="1.0" encoding="UTF-8"?>
<testng-results ignored="0" total="1" passed="1" failed="0" skipped="0">
  <reporter-output>
  </reporter-output>
  <suite started-at="2025-04-27T01:12:33 IST" name="Default suite" finished-at="2025-04-27T01:13:00 IST" duration-ms="27051">
    <groups>
    </groups>
    <test started-at="2025-04-27T01:12:33 IST" name="Default test" finished-at="2025-04-27T01:13:00 IST" duration-ms="27051">
      <class name="testfile.EnquiryTest">
        <test-method is-config="true" signature="setup()[pri:0, instance:testfile.EnquiryTest@384ad17b]" started-at="2025-04-27T01:12:33 IST" name="setup" finished-at="2025-04-27T01:12:42 IST" duration-ms="9422" status="PASS">
          <reporter-output>
          </reporter-output>
        </test-method> <!-- setup -->
        <test-method is-config="true" signature="init()[pri:0, instance:testfile.EnquiryTest@384ad17b]" started-at="2025-04-27T01:12:42 IST" name="init" finished-at="2025-04-27T01:12:42 IST" duration-ms="72" status="PASS">
          <reporter-output>
          </reporter-output>
        </test-method> <!-- init -->
        <test-method signature="addEnquiry()[pri:0, instance:testfile.EnquiryTest@384ad17b]" started-at="2025-04-27T01:12:42 IST" name="addEnquiry" finished-at="2025-04-27T01:12:58 IST" duration-ms="16266" status="PASS">
          <reporter-output>
          </reporter-output>
        </test-method> <!-- addEnquiry -->
        <test-method is-config="true" signature="tearDown()[pri:0, instance:testfile.EnquiryTest@384ad17b]" started-at="2025-04-27T01:12:58 IST" name="tearDown" finished-at="2025-04-27T01:13:00 IST" duration-ms="1222" status="PASS">
          <reporter-output>
          </reporter-output>
        </test-method> <!-- tearDown -->
      </class> <!-- testfile.EnquiryTest -->
    </test> <!-- Default test -->
  </suite> <!-- Default suite -->
</testng-results>
